1: 1
10: 74
100: 1455
1000: 21708
10000: 288578
562431130: 35317055477
117392763: 6800994022
467211248: 29062182971
102948884: 5919917403
662969970: 41952618917
595021505: 37468020227
519796918: 32503197485
429255519: 26595060586
196118093: 11669647632
939977182: 60489279864
969067502: 62460815178
791955276: 50571812162
819572292: 52422152234
592164476: 37279456313
482678032: 30067523931
995688456: 64271040050
636576170: 40210628117
681268743: 43160337935
974241400: 62812640242
326327863: 19938399604
937357226: 60313742812
944462913: 60789823841
610411243: 38483742935
998515241: 64463261430
830146030: 53130592680
714307458: 45369408356
380917387: 23453082006
323298246: 19744504116
276356730: 16740247092
726510756: 46187029322
450472430: 27974159801
538291085: 33723812507
773748217: 49351939209
784177727: 50050716379
369835212: 22732740631
340708093: 20858734324
261490713: 15788822004
588781164: 37056157721
613362379: 38678517911
382168065: 23534376076
226299823: 13571096622
172412737: 10192738740
245593975: 14786628198
194700534: 11580341415
616002807: 38852786159
715016935: 45416943315
67470157: 3791797990
679748443: 43059998135
768627193: 49008830601
427524440: 26482540451
756205558: 48176581056
23764756: 1258976208
896977160: 57608278390
652564410: 41265851957
173204059: 10241800704
532028261: 33310466123
144626003: 8469961232
32025897: 1726303009
875722819: 56184237543
626327552: 39534219329
471426601: 29336180916
279650794: 16951067188
761992798: 48564326136
405329719: 25039883586
367183775: 22560397226
812669499: 51959665103
792682390: 50620528800
292967501: 17803336436
773641453: 49344786021
936910429: 60283807413
933427573: 60050456061
393273733: 24256244496
982080986: 63345732090
494582460: 30841311751
15090625: 777929535
7218200: 355551112
178812594: 10589529874
776661403: 49547122671
80257142: 4554637119
324337807: 19811036020
112912593: 6527703652
790714109: 50488653973
693536744: 43977770518
988500398: 63782252106
634774479: 40091716511
602523747: 37963168199
355877696: 21829588916
420829923: 26047396846
740513295: 47125199435
384986759: 23717591186
859048229: 55067040013
33643976: 1818533512
44945476: 2469951175
177173328: 10487895382
904029870: 58080809960
17501140: 910507860
359077532: 22034378420
627010029: 39579262811
502934983: 31390309775
355141911: 21782498676
677162709: 42889339691
150863246: 8856670298
227545275: 13649560098
737552522: 46926827644
796742846: 50892579352
624308104: 39400935761
872207597: 55948717669
330324451: 20194181236
730294031: 46440508747
540512670: 33870437117
323308806: 19745179956
824557795: 52756180935
803930606: 51374159272
246755679: 14859815550
497330246: 31020397133
315111228: 19220534964
951234958: 61248202186
626135323: 39521532215
421222652: 26072924231
367042332: 22551203431
737582322: 46928824244
611617923: 38563383815
348476433: 21355908084
676749402: 42862061429
995142352: 64233904978
411198172: 25421333031
656226238: 41507532605
159446672: 9388842710
709459168: 45044572926
363890525: 22346335976
490473442: 30574225581
271136627: 16406160500
199056433: 11854763052
68001373: 3823139734
698035027: 44279155479
58656721: 3271805266
440012923: 27294291846
78349904: 4440202839
6464803: 316374468
39046778: 2127826691
986477093: 63644667366
406716447: 25130020906
570455741: 35846679803
849901630: 54454217880
13178035: 673900577
292540755: 17776024692
825945481: 52849155897
755290299: 48115258703
387772600: 23898670851
654562342: 41397715469
507629441: 31700144003
919942284: 59146941698
847734996: 54309053402
285992740: 17356951732
609730610: 38438821157
321028070: 19599212852
165539030: 9766568906
773945529: 49365159113
664559029: 42057496811
787186291: 50252290167
598766324: 37715178281
931028741: 59889734317
388471308: 23944086871
802807006: 51298878072
976791881: 62986072950
926230212: 59568232874
595896996: 37525802633
713660929: 45326090913
722325342: 45906606584
676774046: 42863687933
709253589: 45030799133
950768210: 61216463322
269242999: 16284968308
207126774: 12363194535
851523785: 54562902265
600204536: 37810100273
902581745: 57983785585
366918492: 22543153831
959920331: 61838807550
729563398: 46391556336
622912293: 39308812235
300195866: 18265951796
199601766: 11889119031
638569379: 40342179911
58046189: 3235783878
418479943: 25894648146
177539793: 10510616212
545263374: 34183983581
606016209: 38193670691
869676668: 55779145426
942401269: 60651693693
929662377: 59798187929
738610122: 46997686844
566825991: 35607116303
1000000000: 64564225042
