Tentaizu Board #1:
1*..*3*
......*
.1..0..
..*2..*
.3*..*3
..*.1.*
...1..1

Tentaizu Board #2:
...1*3*
12...*2
*2*1...
...31.*
..*2*.3
..1..**
.......

Tentaizu Board #3:
....*1.
....22.
.1*.*..
..231.1
..*1..*
.*...*3
.*3*.2*

Tentaizu Board #4:
.......
**..1..
3.*2*..
*.13...
...1*2*
2*...21
*3*1...

Tentaizu Board #5:
*2.*3*.
3*...*.
*..1*..
1.132..
..*.*1.
.22....
.1*....

Tentaizu Board #6:
0..0..0
.......
.......
0..0..0
.......
..*****
0.*****

Tentaizu Board #7:
0011222
012*2**
01*3332
1222*32
2*223**
*22*222
1111100

Tentaizu Board #8:
*21*10.
*....0.
3..0.2.
**...**
.31.23.
*1.1.*.
1.1*...

Tentaizu Board #9:
...*..0
.02*.11
1.1.3*.
*.12*..
3*.3*..
.**...0
1.3*1..

Tentaizu Board #10:
.11.**.
1.*.23.
1*3.0.*
..*...2
.3..1*1
1**..2.
12..01*

Tentaizu Board #11:
.00.*3*
....*4.
13*4*20
1**...0
233.00.
.*..2..
.1.1**.

Tentaizu Board #12:
*1....0
..0...1
112..3*
.*3*.**
.2.*533
..**.*.
...221.

Tentaizu Board #13:
..1*..*
.022222
...*3.*
2****..
*.*42..
121....
0.0.0..

Tentaizu Board #14:
.2*1...
.*....1
3*21*2*
*3.1..1
.*101.1
.....*2
0..*3*.

Tentaizu Board #15:
*2*.*..
..3*221
.1*2.1*
2..1...
**.101.
.3*1.1*
.....1.

Tentaizu Board #16:
00..2**
....*53
.0..*.*
0.0.12.
.1...1.
3*....*
**200.*

Tentaizu Board #17:
*...1*.
1.11.22
0..*22*
..1.*2.
*...21.
.***21.
.233*..

Tentaizu Board #18:
..1*.0.
..23...
1.*.*2.
*3..4*.
*3.1***
.*1..3.
.....00

Tentaizu Board #19:
.1...22
1.*12**
1*2..*3
2.3.2.2
.**.3*1
1..**..
.0.....

Tentaizu Board #20:
..***1.
..4653.
.1****.
.2..*..
*.01...
*.0.0..
1.00...

Tentaizu Board #21:
....1..
.*3*...
24*.2..
*5*21*1
**332..
..*2*..
....1..

Tentaizu Board #22:
.1.*...
1*22...
33..*..
**2333.
2.4**.*
..**32.
.......

Tentaizu Board #23:
...10..
..*1...
.2...*.
2*.*5*.
*4..**2
**1.221
.2..00.

Tentaizu Board #24:
2*...0.
*.1....
11...22
.1.1.**
.*11**4
1.1.5*.
....**.

Tentaizu Board #25:
1....0.
*1.*...
1..3*..
..23*2.
.*3*...
*3*..*2
1.1..2*

